1639685329145	mozrunner::runner	INFO	Running command: "/usr/bin/firefox" "-marionette" "-foreground" "-no-remote" "-profile" "/tmp/rust_mozprofile7A6qze"
console.error: Enterprise Policies: 
  Error parsing JSON file
JavaScript error: resource://activity-stream/lib/Screenshots.jsm, line 127: TypeError: cache is undefined
JavaScript error: resource://activity-stream/lib/Screenshots.jsm, line 127: TypeError: cache is undefined
JavaScript error: resource://activity-stream/lib/Screenshots.jsm, line 127: TypeError: cache is undefined
JavaScript error: resource://activity-stream/lib/Screenshots.jsm, line 127: TypeError: cache is undefined
JavaScript error: resource://activity-stream/lib/Screenshots.jsm, line 127: TypeError: cache is undefined
JavaScript error: resource://activity-stream/lib/Screenshots.jsm, line 127: TypeError: cache is undefined
JavaScript error: resource://activity-stream/lib/Screenshots.jsm, line 127: TypeError: cache is undefined
JavaScript error: resource://activity-stream/lib/Screenshots.jsm, line 127: TypeError: cache is undefined
JavaScript error: resource://activity-stream/lib/Screenshots.jsm, line 127: TypeError: cache is undefined
JavaScript error: resource://activity-stream/lib/Screenshots.jsm, line 127: TypeError: cache is undefined
JavaScript error: resource://activity-stream/lib/Screenshots.jsm, line 127: TypeError: cache is undefined
JavaScript error: resource://activity-stream/lib/Screenshots.jsm, line 127: TypeError: cache is undefined
JavaScript error: resource://activity-stream/lib/Screenshots.jsm, line 127: TypeError: cache is undefined
JavaScript error: resource://activity-stream/lib/Screenshots.jsm, line 127: TypeError: cache is undefined
JavaScript error: resource://activity-stream/lib/Screenshots.jsm, line 127: TypeError: cache is undefined
JavaScript error: resource://activity-stream/lib/Screenshots.jsm, line 127: TypeError: cache is undefined
JavaScript error: resource://activity-stream/lib/Screenshots.jsm, line 127: TypeError: cache is undefined
JavaScript error: resource://activity-stream/lib/Screenshots.jsm, line 127: TypeError: cache is undefined
JavaScript error: resource://activity-stream/lib/Screenshots.jsm, line 127: TypeError: cache is undefined
JavaScript error: resource://activity-stream/lib/Screenshots.jsm, line 127: TypeError: cache is undefined
JavaScript error: resource://activity-stream/lib/Screenshots.jsm, line 127: TypeError: cache is undefined
JavaScript error: resource://activity-stream/lib/Screenshots.jsm, line 127: TypeError: cache is undefined
JavaScript error: resource://activity-stream/lib/Screenshots.jsm, line 127: TypeError: cache is undefined
JavaScript error: resource://activity-stream/lib/Screenshots.jsm, line 127: TypeError: cache is undefined
JavaScript error: resource://activity-stream/lib/Screenshots.jsm, line 127: TypeError: cache is undefined
JavaScript error: resource://activity-stream/lib/Screenshots.jsm, line 127: TypeError: cache is undefined
JavaScript error: resource://activity-stream/lib/Screenshots.jsm, line 127: TypeError: cache is undefined
JavaScript error: resource://activity-stream/lib/Screenshots.jsm, line 127: TypeError: cache is undefined
JavaScript error: resource://activity-stream/lib/Screenshots.jsm, line 127: TypeError: cache is undefined
JavaScript error: resource://activity-stream/lib/Screenshots.jsm, line 127: TypeError: cache is undefined
1639685337885	Marionette	INFO	Listening on port 34205
JavaScript error: resource://activity-stream/lib/Screenshots.jsm, line 127: TypeError: cache is undefined
JavaScript error: resource://activity-stream/lib/Screenshots.jsm, line 127: TypeError: cache is undefined
JavaScript error: resource://activity-stream/lib/Screenshots.jsm, line 127: TypeError: cache is undefined
JavaScript error: resource://activity-stream/lib/Screenshots.jsm, line 127: TypeError: cache is undefined
JavaScript error: resource://activity-stream/lib/Screenshots.jsm, line 127: TypeError: cache is undefined
1639685337930	Marionette	WARN	TLS certificate errors will be ignored for this session
JavaScript error: resource://activity-stream/lib/Screenshots.jsm, line 127: TypeError: cache is undefined
JavaScript error: resource://activity-stream/lib/Screenshots.jsm, line 127: TypeError: cache is undefined
JavaScript error: resource://activity-stream/lib/Screenshots.jsm, line 127: TypeError: cache is undefined
JavaScript error: resource://activity-stream/lib/Screenshots.jsm, line 127: TypeError: cache is undefined
JavaScript error: resource://activity-stream/lib/Screenshots.jsm, line 127: TypeError: cache is undefined
JavaScript error: resource://activity-stream/lib/Screenshots.jsm, line 127: TypeError: cache is undefined
JavaScript error: resource://activity-stream/lib/Screenshots.jsm, line 127: TypeError: cache is undefined
JavaScript error: resource://activity-stream/lib/Screenshots.jsm, line 127: TypeError: cache is undefined
JavaScript error: resource://activity-stream/lib/Screenshots.jsm, line 127: TypeError: cache is undefined
JavaScript error: resource://activity-stream/lib/Screenshots.jsm, line 127: TypeError: cache is undefined
JavaScript error: resource://activity-stream/lib/Screenshots.jsm, line 127: TypeError: cache is undefined
JavaScript error: resource://activity-stream/lib/Screenshots.jsm, line 127: TypeError: cache is undefined
JavaScript error: resource://activity-stream/lib/Screenshots.jsm, line 127: TypeError: cache is undefined
JavaScript error: resource://activity-stream/lib/Screenshots.jsm, line 127: TypeError: cache is undefined
JavaScript error: resource://activity-stream/lib/Screenshots.jsm, line 127: TypeError: cache is undefined
JavaScript error: resource://activity-stream/lib/Screenshots.jsm, line 127: TypeError: cache is undefined
JavaScript error: resource://activity-stream/lib/Screenshots.jsm, line 127: TypeError: cache is undefined
JavaScript error: resource://activity-stream/lib/Screenshots.jsm, line 127: TypeError: cache is undefined
JavaScript error: resource://activity-stream/lib/Screenshots.jsm, line 127: TypeError: cache is undefined
JavaScript error: resource://activity-stream/lib/Screenshots.jsm, line 127: TypeError: cache is undefined
JavaScript error: resource://activity-stream/lib/Screenshots.jsm, line 127: TypeError: cache is undefined
JavaScript error: resource://activity-stream/lib/Screenshots.jsm, line 127: TypeError: cache is undefined
JavaScript error: resource://activity-stream/lib/Screenshots.jsm, line 127: TypeError: cache is undefined
JavaScript error: resource://activity-stream/lib/Screenshots.jsm, line 127: TypeError: cache is undefined
JavaScript error: resource://activity-stream/lib/Screenshots.jsm, line 127: TypeError: cache is undefined
JavaScript error: resource://activity-stream/lib/Screenshots.jsm, line 127: TypeError: cache is undefined
JavaScript error: resource://activity-stream/lib/Screenshots.jsm, line 127: TypeError: cache is undefined
JavaScript error: resource://activity-stream/lib/Screenshots.jsm, line 127: TypeError: cache is undefined
JavaScript error: resource://activity-stream/lib/Screenshots.jsm, line 127: TypeError: cache is undefined
JavaScript error: resource://activity-stream/lib/Screenshots.jsm, line 127: TypeError: cache is undefined
JavaScript error: resource://activity-stream/lib/Screenshots.jsm, line 127: TypeError: cache is undefined
JavaScript error: resource://activity-stream/lib/Screenshots.jsm, line 127: TypeError: cache is undefined
JavaScript error: resource://activity-stream/lib/Screenshots.jsm, line 127: TypeError: cache is undefined
JavaScript error: resource://activity-stream/lib/Screenshots.jsm, line 127: TypeError: cache is undefined
JavaScript error: resource://activity-stream/lib/Screenshots.jsm, line 127: TypeError: cache is undefined
JavaScript error: resource://activity-stream/lib/Screenshots.jsm, line 127: TypeError: cache is undefined
JavaScript error: resource://activity-stream/lib/Screenshots.jsm, line 127: TypeError: cache is undefined
JavaScript error: resource://activity-stream/lib/Screenshots.jsm, line 127: TypeError: cache is undefined
JavaScript error: resource://activity-stream/lib/Screenshots.jsm, line 127: TypeError: cache is undefined
JavaScript error: resource://activity-stream/lib/Screenshots.jsm, line 127: TypeError: cache is undefined
1639686477024	Marionette	INFO	Stopped listening on port 34205
1639686564304	mozrunner::runner	INFO	Running command: "/usr/bin/firefox" "-marionette" "-foreground" "-no-remote" "-profile" "/tmp/rust_mozprofile9d463Y"
console.error: Enterprise Policies: 
  Error parsing JSON file
JavaScript error: resource://activity-stream/lib/Screenshots.jsm, line 127: TypeError: cache is undefined
JavaScript error: resource://activity-stream/lib/Screenshots.jsm, line 127: TypeError: cache is undefined
JavaScript error: resource://activity-stream/lib/Screenshots.jsm, line 127: TypeError: cache is undefined
JavaScript error: resource://activity-stream/lib/Screenshots.jsm, line 127: TypeError: cache is undefined
JavaScript error: resource://activity-stream/lib/Screenshots.jsm, line 127: TypeError: cache is undefined
1639686572770	Marionette	INFO	Listening on port 46625
JavaScript error: resource://activity-stream/lib/Screenshots.jsm, line 127: TypeError: cache is undefined
JavaScript error: resource://activity-stream/lib/Screenshots.jsm, line 127: TypeError: cache is undefined
JavaScript error: resource://activity-stream/lib/Screenshots.jsm, line 127: TypeError: cache is undefined
JavaScript error: resource://activity-stream/lib/Screenshots.jsm, line 127: TypeError: cache is undefined
JavaScript error: resource://activity-stream/lib/Screenshots.jsm, line 127: TypeError: cache is undefined
JavaScript error: resource://activity-stream/lib/Screenshots.jsm, line 127: TypeError: cache is undefined
JavaScript error: resource://activity-stream/lib/Screenshots.jsm, line 127: TypeError: cache is undefined
JavaScript error: resource://activity-stream/lib/Screenshots.jsm, line 127: TypeError: cache is undefined
JavaScript error: resource://activity-stream/lib/Screenshots.jsm, line 127: TypeError: cache is undefined
JavaScript error: resource://activity-stream/lib/Screenshots.jsm, line 127: TypeError: cache is undefined
JavaScript error: resource://activity-stream/lib/Screenshots.jsm, line 127: TypeError: cache is undefined
JavaScript error: resource://activity-stream/lib/Screenshots.jsm, line 127: TypeError: cache is undefined
JavaScript error: resource://activity-stream/lib/Screenshots.jsm, line 127: TypeError: cache is undefined
JavaScript error: resource://activity-stream/lib/Screenshots.jsm, line 127: TypeError: cache is undefined
JavaScript error: resource://activity-stream/lib/Screenshots.jsm, line 127: TypeError: cache is undefined
JavaScript error: resource://activity-stream/lib/Screenshots.jsm, line 127: TypeError: cache is undefined
JavaScript error: resource://activity-stream/lib/Screenshots.jsm, line 127: TypeError: cache is undefined
JavaScript error: resource://activity-stream/lib/Screenshots.jsm, line 127: TypeError: cache is undefined
JavaScript error: resource://activity-stream/lib/Screenshots.jsm, line 127: TypeError: cache is undefined
JavaScript error: resource://activity-stream/lib/Screenshots.jsm, line 127: TypeError: cache is undefined
JavaScript error: resource://activity-stream/lib/Screenshots.jsm, line 127: TypeError: cache is undefined
JavaScript error: resource://activity-stream/lib/Screenshots.jsm, line 127: TypeError: cache is undefined
JavaScript error: resource://activity-stream/lib/Screenshots.jsm, line 127: TypeError: cache is undefined
JavaScript error: resource://activity-stream/lib/Screenshots.jsm, line 127: TypeError: cache is undefined
JavaScript error: resource://activity-stream/lib/Screenshots.jsm, line 127: TypeError: cache is undefined
1639686572855	Marionette	WARN	TLS certificate errors will be ignored for this session
JavaScript error: resource://activity-stream/lib/Screenshots.jsm, line 127: TypeError: cache is undefined
JavaScript error: resource://activity-stream/lib/Screenshots.jsm, line 127: TypeError: cache is undefined
JavaScript error: resource://activity-stream/lib/Screenshots.jsm, line 127: TypeError: cache is undefined
JavaScript error: resource://activity-stream/lib/Screenshots.jsm, line 127: TypeError: cache is undefined
JavaScript error: resource://activity-stream/lib/Screenshots.jsm, line 127: TypeError: cache is undefined
1639686577952	Marionette	INFO	Stopped listening on port 46625
1639687156799	mozrunner::runner	INFO	Running command: "/usr/bin/firefox" "-marionette" "-foreground" "-no-remote" "-profile" "/tmp/rust_mozprofileY2sRlK"
console.error: Enterprise Policies: 
  Error parsing JSON file
JavaScript error: resource://activity-stream/lib/Screenshots.jsm, line 127: TypeError: cache is undefined
JavaScript error: resource://activity-stream/lib/Screenshots.jsm, line 127: TypeError: cache is undefined
JavaScript error: resource://activity-stream/lib/Screenshots.jsm, line 127: TypeError: cache is undefined
JavaScript error: resource://activity-stream/lib/Screenshots.jsm, line 127: TypeError: cache is undefined
JavaScript error: resource://activity-stream/lib/Screenshots.jsm, line 127: TypeError: cache is undefined
JavaScript error: resource://activity-stream/lib/Screenshots.jsm, line 127: TypeError: cache is undefined
JavaScript error: resource://activity-stream/lib/Screenshots.jsm, line 127: TypeError: cache is undefined
JavaScript error: resource://activity-stream/lib/Screenshots.jsm, line 127: TypeError: cache is undefined
JavaScript error: resource://activity-stream/lib/Screenshots.jsm, line 127: TypeError: cache is undefined
JavaScript error: resource://activity-stream/lib/Screenshots.jsm, line 127: TypeError: cache is undefined
JavaScript error: resource://activity-stream/lib/Screenshots.jsm, line 127: TypeError: cache is undefined
JavaScript error: resource://activity-stream/lib/Screenshots.jsm, line 127: TypeError: cache is undefined
JavaScript error: resource://activity-stream/lib/Screenshots.jsm, line 127: TypeError: cache is undefined
JavaScript error: resource://activity-stream/lib/Screenshots.jsm, line 127: TypeError: cache is undefined
JavaScript error: resource://activity-stream/lib/Screenshots.jsm, line 127: TypeError: cache is undefined
JavaScript error: resource://activity-stream/lib/Screenshots.jsm, line 127: TypeError: cache is undefined
JavaScript error: resource://activity-stream/lib/Screenshots.jsm, line 127: TypeError: cache is undefined
JavaScript error: resource://activity-stream/lib/Screenshots.jsm, line 127: TypeError: cache is undefined
JavaScript error: resource://activity-stream/lib/Screenshots.jsm, line 127: TypeError: cache is undefined
JavaScript error: resource://activity-stream/lib/Screenshots.jsm, line 127: TypeError: cache is undefined
JavaScript error: resource://activity-stream/lib/Screenshots.jsm, line 127: TypeError: cache is undefined
JavaScript error: resource://activity-stream/lib/Screenshots.jsm, line 127: TypeError: cache is undefined
JavaScript error: resource://activity-stream/lib/Screenshots.jsm, line 127: TypeError: cache is undefined
JavaScript error: resource://activity-stream/lib/Screenshots.jsm, line 127: TypeError: cache is undefined
JavaScript error: resource://activity-stream/lib/Screenshots.jsm, line 127: TypeError: cache is undefined
JavaScript error: resource://activity-stream/lib/Screenshots.jsm, line 127: TypeError: cache is undefined
JavaScript error: resource://activity-stream/lib/Screenshots.jsm, line 127: TypeError: cache is undefined
JavaScript error: resource://activity-stream/lib/Screenshots.jsm, line 127: TypeError: cache is undefined
JavaScript error: resource://activity-stream/lib/Screenshots.jsm, line 127: TypeError: cache is undefined
JavaScript error: resource://activity-stream/lib/Screenshots.jsm, line 127: TypeError: cache is undefined
1639687165809	Marionette	INFO	Listening on port 44447
1639687165835	Marionette	WARN	TLS certificate errors will be ignored for this session
JavaScript error: resource://activity-stream/lib/Screenshots.jsm, line 127: TypeError: cache is undefined
JavaScript error: resource://activity-stream/lib/Screenshots.jsm, line 127: TypeError: cache is undefined
JavaScript error: resource://activity-stream/lib/Screenshots.jsm, line 127: TypeError: cache is undefined
JavaScript error: resource://activity-stream/lib/Screenshots.jsm, line 127: TypeError: cache is undefined
JavaScript error: resource://activity-stream/lib/Screenshots.jsm, line 127: TypeError: cache is undefined
JavaScript error: resource://activity-stream/lib/Screenshots.jsm, line 127: TypeError: cache is undefined
JavaScript error: resource://activity-stream/lib/Screenshots.jsm, line 127: TypeError: cache is undefined
JavaScript error: resource://activity-stream/lib/Screenshots.jsm, line 127: TypeError: cache is undefined
JavaScript error: resource://activity-stream/lib/Screenshots.jsm, line 127: TypeError: cache is undefined
JavaScript error: resource://activity-stream/lib/Screenshots.jsm, line 127: TypeError: cache is undefined
JavaScript error: resource://activity-stream/lib/Screenshots.jsm, line 127: TypeError: cache is undefined
JavaScript error: resource://activity-stream/lib/Screenshots.jsm, line 127: TypeError: cache is undefined
JavaScript error: resource://activity-stream/lib/Screenshots.jsm, line 127: TypeError: cache is undefined
JavaScript error: resource://activity-stream/lib/Screenshots.jsm, line 127: TypeError: cache is undefined
JavaScript error: resource://activity-stream/lib/Screenshots.jsm, line 127: TypeError: cache is undefined
JavaScript error: resource://activity-stream/lib/Screenshots.jsm, line 127: TypeError: cache is undefined
JavaScript error: resource://activity-stream/lib/Screenshots.jsm, line 127: TypeError: cache is undefined
JavaScript error: resource://activity-stream/lib/Screenshots.jsm, line 127: TypeError: cache is undefined
JavaScript error: resource://activity-stream/lib/Screenshots.jsm, line 127: TypeError: cache is undefined
JavaScript error: resource://activity-stream/lib/Screenshots.jsm, line 127: TypeError: cache is undefined
JavaScript error: resource://activity-stream/lib/Screenshots.jsm, line 127: TypeError: cache is undefined
JavaScript error: resource://activity-stream/lib/Screenshots.jsm, line 127: TypeError: cache is undefined
JavaScript error: resource://activity-stream/lib/Screenshots.jsm, line 127: TypeError: cache is undefined
JavaScript error: resource://activity-stream/lib/Screenshots.jsm, line 127: TypeError: cache is undefined
JavaScript error: resource://activity-stream/lib/Screenshots.jsm, line 127: TypeError: cache is undefined
JavaScript error: resource://activity-stream/lib/Screenshots.jsm, line 127: TypeError: cache is undefined
JavaScript error: resource://activity-stream/lib/Screenshots.jsm, line 127: TypeError: cache is undefined
JavaScript error: resource://activity-stream/lib/Screenshots.jsm, line 127: TypeError: cache is undefined
JavaScript error: resource://activity-stream/lib/Screenshots.jsm, line 127: TypeError: cache is undefined
JavaScript error: resource://activity-stream/lib/Screenshots.jsm, line 127: TypeError: cache is undefined
JavaScript error: resource://activity-stream/lib/Screenshots.jsm, line 127: TypeError: cache is undefined
JavaScript error: resource://activity-stream/lib/Screenshots.jsm, line 127: TypeError: cache is undefined
JavaScript error: resource://activity-stream/lib/Screenshots.jsm, line 127: TypeError: cache is undefined
JavaScript error: resource://activity-stream/lib/Screenshots.jsm, line 127: TypeError: cache is undefined
JavaScript error: resource://activity-stream/lib/Screenshots.jsm, line 127: TypeError: cache is undefined
JavaScript error: resource://activity-stream/lib/Screenshots.jsm, line 127: TypeError: cache is undefined
JavaScript error: resource://activity-stream/lib/Screenshots.jsm, line 127: TypeError: cache is undefined
JavaScript error: resource://activity-stream/lib/Screenshots.jsm, line 127: TypeError: cache is undefined
JavaScript error: resource://activity-stream/lib/Screenshots.jsm, line 127: TypeError: cache is undefined
JavaScript error: resource://activity-stream/lib/Screenshots.jsm, line 127: TypeError: cache is undefined
JavaScript error: resource://activity-stream/lib/Screenshots.jsm, line 127: TypeError: cache is undefined
JavaScript error: resource://activity-stream/lib/Screenshots.jsm, line 127: TypeError: cache is undefined
JavaScript error: resource://activity-stream/lib/Screenshots.jsm, line 127: TypeError: cache is undefined
JavaScript error: resource://activity-stream/lib/Screenshots.jsm, line 127: TypeError: cache is undefined
JavaScript error: resource://activity-stream/lib/Screenshots.jsm, line 127: TypeError: cache is undefined
JavaScript error: resource://activity-stream/lib/Screenshots.jsm, line 127: TypeError: cache is undefined
JavaScript error: resource://activity-stream/lib/Screenshots.jsm, line 127: TypeError: cache is undefined
JavaScript error: resource://activity-stream/lib/Screenshots.jsm, line 127: TypeError: cache is undefined
JavaScript error: resource://activity-stream/lib/Screenshots.jsm, line 127: TypeError: cache is undefined
JavaScript error: resource://activity-stream/lib/Screenshots.jsm, line 127: TypeError: cache is undefined
JavaScript error: resource://activity-stream/lib/Screenshots.jsm, line 127: TypeError: cache is undefined
JavaScript error: resource://activity-stream/lib/Screenshots.jsm, line 127: TypeError: cache is undefined
JavaScript error: resource://activity-stream/lib/Screenshots.jsm, line 127: TypeError: cache is undefined
JavaScript error: resource://activity-stream/lib/Screenshots.jsm, line 127: TypeError: cache is undefined
JavaScript error: resource://activity-stream/lib/Screenshots.jsm, line 127: TypeError: cache is undefined
1639688889945	Marionette	INFO	Stopped listening on port 44447
